TN:
SF:src/core/services/apiClient.js
FN:20,request
FN:81,get
FN:92,post
FN:95,put
FN:98,delete
FNF:5
FNH:5
FNDA:11,request
FNDA:5,get
FNDA:2,post
FNDA:2,put
FNDA:2,delete
DA:1,1
DA:3,1
DA:5,1
DA:6,1
DA:7,0
DA:8,0
DA:9,0
DA:10,0
DA:11,0
DA:13,1
DA:14,1
DA:15,1
DA:16,1
DA:17,1
DA:18,1
DA:19,1
DA:20,11
DA:21,11
DA:22,11
DA:23,11
DA:25,11
DA:27,11
DA:28,11
DA:29,11
DA:30,11
DA:31,11
DA:32,11
DA:33,11
DA:35,11
DA:36,11
DA:38,11
DA:39,1
DA:40,1
DA:42,10
DA:43,10
DA:44,10
DA:45,10
DA:46,10
DA:47,11
DA:48,1
DA:49,1
DA:50,1
DA:51,1
DA:52,1
DA:53,1
DA:54,0
DA:55,0
DA:56,0
DA:57,0
DA:58,0
DA:60,11
DA:61,6
DA:62,6
DA:63,6
DA:64,6
DA:65,6
DA:66,6
DA:68,3
DA:70,11
DA:71,7
DA:72,7
DA:73,0
DA:74,0
DA:75,7
DA:76,7
DA:77,7
DA:78,11
DA:80,1
DA:81,1
DA:82,5
DA:83,5
DA:84,0
DA:85,0
DA:86,0
DA:87,0
DA:88,0
DA:89,0
DA:90,5
DA:91,1
DA:92,1
DA:93,2
DA:94,1
DA:95,1
DA:96,2
DA:97,1
DA:98,1
DA:99,2
DA:100,1
DA:101,1
DA:102,1
LF:90
LH:72
BRDA:6,0,0,0
BRDA:20,1,0,11
BRDA:38,2,0,1
BRDA:40,3,0,10
BRDA:46,4,0,9
BRDA:47,5,0,1
BRDA:50,6,0,0
BRDA:53,7,0,0
BRDA:58,8,0,9
BRDA:60,9,0,6
BRDA:61,10,0,4
BRDA:61,11,0,1
BRDA:66,12,0,3
BRDA:70,13,0,7
BRDA:72,14,0,0
BRDA:81,15,0,5
BRDA:83,16,0,0
BRDA:92,17,0,2
BRDA:95,18,0,2
BRDA:98,19,0,2
BRF:20
BRH:15
end_of_record
TN:
SF:src/modules/characters/pages/CharacterDetailView.vue
FNF:0
FNH:0
DA:1,1
DA:2,1
DA:3,1
DA:4,1
DA:5,1
DA:6,1
DA:8,1
DA:9,1
DA:10,1
DA:12,1
DA:13,1
DA:14,1
DA:15,1
DA:16,1
DA:18,1
DA:19,1
DA:20,1
DA:21,1
DA:22,1
DA:23,1
LF:20
LH:20
BRF:0
BRH:0
end_of_record
TN:
SF:src/modules/characters/pages/CharactersListView.vue
FN:66,data
FN:74,charactersStore
FN:81,characters
FN:84,isLoading
FN:87,error
FN:98,initialLoadCharacters
FN:106,mounted
FNF:7
FNH:0
FNDA:0,data
FNDA:0,charactersStore
FNDA:0,characters
FNDA:0,isLoading
FNDA:0,error
FNDA:0,initialLoadCharacters
FNDA:0,mounted
DA:1,1
DA:3,1
DA:4,1
DA:6,1
DA:7,1
DA:8,1
DA:9,1
DA:11,1
DA:12,1
DA:13,1
DA:15,1
DA:17,1
DA:18,1
DA:19,1
DA:21,1
DA:22,1
DA:23,1
DA:24,1
DA:25,1
DA:26,1
DA:27,1
DA:28,1
DA:30,1
DA:31,1
DA:32,1
DA:33,1
DA:34,1
DA:35,1
DA:37,1
DA:38,1
DA:39,1
DA:40,1
DA:41,1
DA:42,1
DA:43,1
DA:44,1
DA:45,1
DA:46,1
DA:47,1
DA:48,1
DA:49,1
DA:50,1
DA:51,1
DA:53,1
DA:55,1
DA:56,1
DA:60,0
DA:61,1
DA:62,1
DA:64,1
DA:65,1
DA:66,1
DA:67,0
DA:68,0
DA:69,0
DA:70,0
DA:71,1
DA:72,1
DA:73,1
DA:74,1
DA:75,0
DA:76,0
DA:77,0
DA:78,0
DA:79,0
DA:80,1
DA:81,1
DA:82,0
DA:83,1
DA:84,1
DA:85,0
DA:86,1
DA:87,1
DA:88,0
DA:89,1
DA:90,1
DA:91,1
DA:92,1
DA:93,1
DA:94,1
DA:95,1
DA:97,1
DA:98,1
DA:99,0
DA:100,0
DA:101,0
DA:102,0
DA:103,0
DA:104,0
DA:105,1
DA:106,1
DA:107,0
DA:108,0
DA:109,1
DA:110,1
DA:111,1
DA:112,1
DA:113,1
DA:114,1
LF:99
LH:78
BRF:0
BRH:0
end_of_record
TN:
SF:src/modules/characters/router/index.js
FNF:0
FNH:0
DA:1,1
DA:2,1
DA:3,1
DA:5,1
DA:6,1
DA:7,1
DA:8,1
DA:9,1
DA:10,1
DA:11,1
DA:12,1
DA:13,1
DA:14,1
DA:15,1
DA:16,1
DA:17,1
DA:19,1
LF:17
LH:17
BRF:0
BRH:0
end_of_record
TN:
SF:src/modules/characters/services/charactersService.js
FN:4,getCharacters
FN:23,getCharacterById
FNF:2
FNH:1
FNDA:1,getCharacters
FNDA:0,getCharacterById
DA:1,1
DA:2,1
DA:4,1
DA:5,1
DA:6,1
DA:7,1
DA:9,1
DA:10,1
DA:11,1
DA:12,1
DA:13,0
DA:14,0
DA:15,0
DA:16,0
DA:17,1
DA:18,0
DA:19,0
DA:20,0
DA:21,1
DA:23,1
DA:24,0
DA:25,0
DA:26,0
DA:27,0
DA:28,0
DA:29,0
DA:30,0
DA:31,0
DA:32,0
DA:33,0
DA:34,0
DA:35,0
DA:36,0
DA:37,0
DA:38,0
LF:35
LH:13
BRDA:4,0,0,1
BRDA:12,1,0,0
BRDA:17,2,0,0
BRF:3
BRH:1
end_of_record
TN:
SF:src/modules/characters/store/charactersStore.js
FN:6,state
FN:16,getListedCharacterById
FN:20,hasCharacters
FN:24,fetchCharacters
FN:43,fetchCharacterById
FN:58,clearCharacterDetail
FNF:6
FNH:6
FNDA:8,state
FNDA:1,getListedCharacterById
FNDA:2,hasCharacters
FNDA:2,fetchCharacters
FNDA:2,fetchCharacterById
FNDA:1,clearCharacterDetail
DA:1,1
DA:2,1
DA:3,1
DA:5,1
DA:6,1
DA:7,8
DA:8,8
DA:9,8
DA:10,8
DA:11,8
DA:12,8
DA:13,1
DA:15,1
DA:16,1
DA:17,2
DA:18,2
DA:19,1
DA:20,1
DA:21,1
DA:23,1
DA:24,1
DA:25,2
DA:26,2
DA:27,2
DA:28,2
DA:29,2
DA:30,1
DA:31,2
DA:32,2
DA:33,0
DA:34,0
DA:35,2
DA:36,1
DA:37,1
DA:38,2
DA:39,2
DA:40,2
DA:41,1
DA:43,1
DA:44,2
DA:45,2
DA:46,2
DA:47,2
DA:48,2
DA:49,2
DA:50,1
DA:51,1
DA:52,1
DA:53,2
DA:54,2
DA:55,2
DA:56,1
DA:58,1
DA:59,1
DA:60,1
DA:61,1
DA:62,1
DA:63,1
DA:64,1
LF:59
LH:57
BRDA:6,0,0,8
BRDA:16,1,0,1
BRDA:16,2,0,2
BRDA:18,3,0,3
BRDA:20,4,0,2
BRDA:24,5,0,2
BRDA:29,6,0,1
BRDA:31,7,0,0
BRDA:32,8,0,0
BRDA:32,9,0,0
BRDA:35,10,0,1
BRDA:36,11,0,0
BRDA:43,12,0,2
BRDA:49,13,0,1
BRDA:52,14,0,0
BRDA:58,15,0,1
BRF:16
BRH:11
end_of_record
