TN:
SF:src/core/services/apiClient.js
FN:20,request
FN:81,get
FN:92,post
FN:95,put
FN:98,delete
FNF:5
FNH:5
FNDA:11,request
FNDA:5,get
FNDA:2,post
FNDA:2,put
FNDA:2,delete
DA:1,1
DA:3,1
DA:5,1
DA:6,1
DA:7,0
DA:8,0
DA:9,0
DA:10,0
DA:11,0
DA:13,1
DA:14,1
DA:15,1
DA:16,1
DA:17,1
DA:18,1
DA:19,1
DA:20,11
DA:21,11
DA:22,11
DA:23,11
DA:25,11
DA:27,11
DA:28,11
DA:29,11
DA:30,11
DA:31,11
DA:32,11
DA:33,11
DA:35,11
DA:36,11
DA:38,11
DA:39,1
DA:40,1
DA:42,10
DA:43,10
DA:44,10
DA:45,10
DA:46,10
DA:47,11
DA:48,1
DA:49,1
DA:50,1
DA:51,1
DA:52,1
DA:53,1
DA:54,0
DA:55,0
DA:56,0
DA:57,0
DA:58,0
DA:60,11
DA:61,6
DA:62,6
DA:63,6
DA:64,6
DA:65,6
DA:66,6
DA:68,3
DA:70,11
DA:71,7
DA:72,7
DA:73,0
DA:74,0
DA:75,7
DA:76,7
DA:77,7
DA:78,11
DA:80,1
DA:81,1
DA:82,5
DA:83,5
DA:84,0
DA:85,0
DA:86,0
DA:87,0
DA:88,0
DA:89,0
DA:90,5
DA:91,1
DA:92,1
DA:93,2
DA:94,1
DA:95,1
DA:96,2
DA:97,1
DA:98,1
DA:99,2
DA:100,1
DA:101,1
DA:102,1
LF:90
LH:72
BRDA:6,0,0,0
BRDA:20,1,0,11
BRDA:38,2,0,1
BRDA:40,3,0,10
BRDA:46,4,0,9
BRDA:47,5,0,1
BRDA:50,6,0,0
BRDA:53,7,0,0
BRDA:58,8,0,9
BRDA:60,9,0,6
BRDA:61,10,0,4
BRDA:61,11,0,1
BRDA:66,12,0,3
BRDA:70,13,0,7
BRDA:72,14,0,0
BRDA:81,15,0,5
BRDA:83,16,0,0
BRDA:92,17,0,2
BRDA:95,18,0,2
BRDA:98,19,0,2
BRF:20
BRH:15
end_of_record
TN:
SF:src/modules/characters/pages/CharacterDetailView.vue
FN:86,characterIdFromRoute
FN:93,loadCharacterData
FN:105,goBack
FN:109,created
FN:114,characterIdFromRoute
FN:121,beforeUnmount
FNF:6
FNH:4
FNDA:6,characterIdFromRoute
FNDA:6,loadCharacterData
FNDA:1,goBack
FNDA:6,created
FNDA:0,characterIdFromRoute
FNDA:0,beforeUnmount
DA:1,0
DA:2,1
DA:3,1
DA:4,1
DA:5,1
DA:6,1
DA:8,1
DA:9,1
DA:10,1
DA:11,1
DA:12,1
DA:13,1
DA:14,1
DA:15,1
DA:16,1
DA:17,1
DA:19,1
DA:20,1
DA:21,1
DA:22,1
DA:24,1
DA:25,1
DA:26,1
DA:27,1
DA:28,1
DA:29,1
DA:30,1
DA:31,1
DA:33,1
DA:34,1
DA:35,1
DA:36,1
DA:37,1
DA:38,1
DA:39,1
DA:40,1
DA:41,1
DA:42,1
DA:43,1
DA:44,1
DA:45,1
DA:46,1
DA:48,1
DA:49,1
DA:50,1
DA:52,1
DA:53,1
DA:54,1
DA:55,1
DA:56,1
DA:57,1
DA:58,1
DA:60,1
DA:61,1
DA:62,1
DA:63,1
DA:64,1
DA:66,1
DA:68,1
DA:69,1
DA:73,1
DA:74,1
DA:76,1
DA:77,1
DA:78,1
DA:79,1
DA:80,1
DA:81,1
DA:82,1
DA:83,1
DA:84,1
DA:85,1
DA:86,1
DA:87,6
DA:88,6
DA:89,1
DA:90,1
DA:91,1
DA:93,1
DA:94,6
DA:95,6
DA:96,6
DA:97,6
DA:98,0
DA:99,0
DA:100,0
DA:101,0
DA:102,0
DA:103,0
DA:104,1
DA:105,1
DA:106,1
DA:107,1
DA:108,1
DA:109,1
DA:110,6
DA:111,6
DA:112,1
DA:113,1
DA:114,1
DA:115,0
DA:116,0
DA:117,0
DA:118,0
DA:119,0
DA:120,1
DA:121,1
DA:122,0
DA:123,1
DA:124,1
LF:110
LH:97
BRDA:86,0,0,6
BRDA:93,1,0,6
BRDA:96,2,0,5
BRDA:97,3,0,0
BRDA:105,4,0,1
BRDA:109,5,0,6
BRDA:5,6,0,6
BRDA:1,7,0,0
BRF:8
BRH:6
end_of_record
TN:
SF:src/modules/characters/pages/CharactersListView.vue
FN:62,charactersStore
FN:66,characters
FN:69,isLoading
FN:85,initialLoadCharacters
FN:89,mounted
FNF:5
FNH:5
FNDA:3,charactersStore
FNDA:5,characters
FNDA:8,isLoading
FNDA:3,initialLoadCharacters
FNDA:3,mounted
DA:1,0
DA:3,1
DA:4,1
DA:6,1
DA:7,1
DA:8,1
DA:9,1
DA:11,1
DA:12,1
DA:13,1
DA:14,1
DA:15,1
DA:16,1
DA:17,1
DA:18,1
DA:20,1
DA:21,1
DA:22,1
DA:23,1
DA:24,1
DA:25,1
DA:27,1
DA:28,1
DA:29,1
DA:30,1
DA:31,1
DA:32,1
DA:33,1
DA:34,1
DA:35,1
DA:36,1
DA:37,1
DA:38,1
DA:39,1
DA:40,1
DA:41,1
DA:43,1
DA:45,1
DA:46,1
DA:50,1
DA:51,1
DA:52,1
DA:53,1
DA:54,1
DA:56,1
DA:57,1
DA:58,1
DA:59,1
DA:60,1
DA:61,1
DA:62,1
DA:63,3
DA:64,1
DA:65,1
DA:66,1
DA:67,5
DA:68,1
DA:69,1
DA:70,8
DA:71,1
DA:72,1
DA:73,1
DA:74,1
DA:75,1
DA:76,1
DA:77,1
DA:79,1
DA:80,1
DA:81,1
DA:82,1
DA:83,1
DA:84,1
DA:85,1
DA:86,3
DA:87,2
DA:88,1
DA:89,1
DA:90,3
DA:91,1
DA:92,1
LF:80
LH:79
BRDA:62,0,0,3
BRDA:66,1,0,5
BRDA:69,2,0,8
BRDA:85,3,0,3
BRDA:86,4,0,2
BRDA:89,5,0,3
BRDA:4,6,0,3
BRDA:1,7,0,0
BRF:8
BRH:7
end_of_record
TN:
SF:src/modules/characters/router/index.js
FNF:0
FNH:0
DA:1,1
DA:2,1
DA:3,1
DA:5,1
DA:6,1
DA:7,1
DA:8,1
DA:9,1
DA:10,1
DA:11,1
DA:12,1
DA:13,1
DA:14,1
DA:15,1
DA:16,1
DA:18,1
LF:16
LH:16
BRF:0
BRH:0
end_of_record
TN:
SF:src/modules/characters/services/charactersService.js
FN:4,getCharacters
FN:23,getCharacterById
FNF:2
FNH:2
FNDA:3,getCharacters
FNDA:3,getCharacterById
DA:1,1
DA:2,1
DA:4,1
DA:5,3
DA:6,3
DA:7,3
DA:9,2
DA:10,3
DA:11,1
DA:12,1
DA:13,1
DA:14,1
DA:15,1
DA:16,1
DA:17,3
DA:18,2
DA:19,2
DA:20,2
DA:21,3
DA:23,1
DA:24,3
DA:25,3
DA:26,3
DA:27,1
DA:28,1
DA:29,1
DA:30,1
DA:31,2
DA:32,2
DA:33,1
DA:34,1
DA:35,1
DA:36,1
DA:37,1
DA:38,3
LF:35
LH:35
BRDA:4,0,0,3
BRDA:7,1,0,2
BRDA:10,2,0,1
BRDA:17,3,0,2
BRDA:23,4,0,3
BRDA:26,5,0,1
BRDA:30,6,0,2
BRDA:32,7,0,1
BRF:8
BRH:8
end_of_record
TN:
SF:src/modules/characters/store/charactersStore.js
FN:7,generateRandomAlphanumeric
FN:17,createFakeCharacter
FN:18,randomLength
FN:38,state
FN:48,getListedCharacterById
FN:52,hasCharacters
FN:56,fetchCharacters
FN:98,fetchCharacterById
FN:116,clearCharacterDetail
FNF:9
FNH:9
FNDA:40,generateRandomAlphanumeric
FNDA:20,createFakeCharacter
FNDA:40,randomLength
FNDA:17,state
FNDA:1,getListedCharacterById
FNDA:2,hasCharacters
FNDA:6,fetchCharacters
FNDA:9,fetchCharacterById
FNDA:8,clearCharacterDetail
DA:1,1
DA:2,1
DA:3,1
DA:4,1
DA:6,1
DA:7,40
DA:8,40
DA:9,40
DA:10,40
DA:11,40
DA:12,2320
DA:13,2320
DA:14,40
DA:15,40
DA:17,20
DA:18,20
DA:19,20
DA:20,20
DA:22,20
DA:23,20
DA:24,20
DA:25,20
DA:26,20
DA:27,20
DA:28,20
DA:29,20
DA:30,20
DA:31,20
DA:32,20
DA:33,20
DA:34,20
DA:35,1
DA:37,1
DA:38,1
DA:39,17
DA:40,17
DA:41,17
DA:42,17
DA:43,17
DA:44,17
DA:45,1
DA:47,1
DA:48,1
DA:49,3
DA:50,3
DA:51,1
DA:52,1
DA:53,1
DA:55,1
DA:56,1
DA:57,6
DA:58,6
DA:59,6
DA:60,6
DA:62,6
DA:63,6
DA:64,3
DA:65,3
DA:66,6
DA:67,1
DA:68,1
DA:69,1
DA:70,1
DA:71,2
DA:72,2
DA:73,2
DA:75,2
DA:76,2
DA:77,6
DA:78,20
DA:79,20
DA:80,20
DA:81,20
DA:82,20
DA:83,2
DA:84,2
DA:86,2
DA:88,4
DA:89,3
DA:90,3
DA:91,3
DA:92,3
DA:93,6
DA:94,5
DA:95,5
DA:96,1
DA:98,1
DA:99,9
DA:100,9
DA:101,9
DA:102,9
DA:104,9
DA:105,9
DA:106,6
DA:107,8
DA:108,2
DA:109,2
DA:110,2
DA:111,8
DA:112,8
DA:113,8
DA:114,1
DA:116,1
DA:117,8
DA:118,8
DA:119,8
DA:120,1
DA:121,1
DA:122,1
LF:109
LH:109
BRDA:7,0,0,40
BRDA:10,1,0,0
BRDA:11,2,0,2320
BRDA:14,3,0,0
BRDA:17,4,0,20
BRDA:28,5,0,12
BRDA:28,6,0,8
BRDA:18,7,0,40
BRDA:38,8,0,17
BRDA:48,9,0,1
BRDA:48,10,0,3
BRDA:50,11,0,5
BRDA:52,12,0,2
BRDA:56,13,0,6
BRDA:63,14,0,3
BRDA:66,15,0,4
BRDA:66,16,0,1
BRDA:70,17,0,2
BRDA:77,18,0,20
BRDA:82,19,0,4
BRDA:82,20,0,2
BRDA:88,21,0,3
BRDA:89,22,0,0
BRDA:93,23,0,5
BRDA:98,24,0,9
BRDA:105,25,0,8
BRDA:105,26,0,6
BRDA:107,27,0,2
BRDA:108,28,0,0
BRDA:116,29,0,8
BRF:30
BRH:26
end_of_record
